<?xml version="1.0" encoding="UTF-8"?>
<coverage generated="1538270740947" clover="3.2.0">
  <project timestamp="1538270740947" name="All files">
    <metrics statements="10" coveredstatements="10" conditionals="10" coveredconditionals="10" methods="5" coveredmethods="5" elements="25" coveredelements="25" complexity="0" loc="10" ncloc="10" packages="1" files="1" classes="1">
      <file name="Heading.js" path="/Users/gaspar/development/mern-boilerplate/client/src/components/Heading.js">
        <metrics statements="10" coveredstatements="10" conditionals="10" coveredconditionals="10" methods="5" coveredmethods="5"/>
        <line num="4" count="1" type="stmt"/>
        <line num="5" count="2" type="cond" truecount="2" falsecount="0"/>
        <line num="7" count="1" type="stmt"/>
        <line num="8" count="2" type="cond" truecount="2" falsecount="0"/>
        <line num="11" count="1" type="stmt"/>
        <line num="12" count="2" type="cond" truecount="2" falsecount="0"/>
        <line num="15" count="1" type="stmt"/>
        <line num="16" count="2" type="cond" truecount="2" falsecount="0"/>
        <line num="19" count="1" type="stmt"/>
        <line num="20" count="2" type="cond" truecount="2" falsecount="0"/>
      </file>
    </metrics>
  </project>
</coverage>
