{"/Users/gaspar/development/mern-boilerplate/client/src/components/Heading.js": {"path":"/Users/gaspar/development/mern-boilerplate/client/src/components/Heading.js","statementMap":{"0":{"start":{"line":4,"column":18},"end":{"line":6,"column":1}},"1":{"start":{"line":5,"column":4},"end":{"line":5,"column":58}},"2":{"start":{"line":7,"column":18},"end":{"line":9,"column":1}},"3":{"start":{"line":8,"column":4},"end":{"line":8,"column":58}},"4":{"start":{"line":11,"column":18},"end":{"line":13,"column":1}},"5":{"start":{"line":12,"column":4},"end":{"line":12,"column":58}},"6":{"start":{"line":15,"column":18},"end":{"line":17,"column":1}},"7":{"start":{"line":16,"column":4},"end":{"line":16,"column":58}},"8":{"start":{"line":19,"column":18},"end":{"line":21,"column":1}},"9":{"start":{"line":20,"column":4},"end":{"line":20,"column":58}}},"fnMap":{"0":{"name":"(anonymous_0)","decl":{"start":{"line":4,"column":18},"end":{"line":4,"column":19}},"loc":{"start":{"line":4,"column":27},"end":{"line":6,"column":1}},"line":4},"1":{"name":"(anonymous_1)","decl":{"start":{"line":7,"column":18},"end":{"line":7,"column":19}},"loc":{"start":{"line":7,"column":27},"end":{"line":9,"column":1}},"line":7},"2":{"name":"(anonymous_2)","decl":{"start":{"line":11,"column":18},"end":{"line":11,"column":19}},"loc":{"start":{"line":11,"column":27},"end":{"line":13,"column":1}},"line":11},"3":{"name":"(anonymous_3)","decl":{"start":{"line":15,"column":18},"end":{"line":15,"column":19}},"loc":{"start":{"line":15,"column":27},"end":{"line":17,"column":1}},"line":15},"4":{"name":"(anonymous_4)","decl":{"start":{"line":19,"column":18},"end":{"line":19,"column":19}},"loc":{"start":{"line":19,"column":27},"end":{"line":21,"column":1}},"line":19}},"branchMap":{"0":{"loc":{"start":{"line":5,"column":17},"end":{"line":5,"column":51}},"type":"binary-expr","locations":[{"start":{"line":5,"column":17},"end":{"line":5,"column":37}},{"start":{"line":5,"column":41},"end":{"line":5,"column":51}}],"line":5},"1":{"loc":{"start":{"line":8,"column":17},"end":{"line":8,"column":51}},"type":"binary-expr","locations":[{"start":{"line":8,"column":17},"end":{"line":8,"column":37}},{"start":{"line":8,"column":41},"end":{"line":8,"column":51}}],"line":8},"2":{"loc":{"start":{"line":12,"column":17},"end":{"line":12,"column":51}},"type":"binary-expr","locations":[{"start":{"line":12,"column":17},"end":{"line":12,"column":37}},{"start":{"line":12,"column":41},"end":{"line":12,"column":51}}],"line":12},"3":{"loc":{"start":{"line":16,"column":17},"end":{"line":16,"column":51}},"type":"binary-expr","locations":[{"start":{"line":16,"column":17},"end":{"line":16,"column":37}},{"start":{"line":16,"column":41},"end":{"line":16,"column":51}}],"line":16},"4":{"loc":{"start":{"line":20,"column":17},"end":{"line":20,"column":51}},"type":"binary-expr","locations":[{"start":{"line":20,"column":17},"end":{"line":20,"column":37}},{"start":{"line":20,"column":41},"end":{"line":20,"column":51}}],"line":20}},"s":{"0":1,"1":2,"2":1,"3":2,"4":1,"5":2,"6":1,"7":2,"8":1,"9":2},"f":{"0":2,"1":2,"2":2,"3":2,"4":2},"b":{"0":[2,1],"1":[2,1],"2":[2,1],"3":[2,1],"4":[2,1]},"_coverageSchema":"332fd63041d2c1bcb487cc26dd0d5f7d97098a6c","hash":"cadc2db74f68f964f88fb0cd64d54f79d49e9002"}
}
