TN:
SF:/Users/gaspar/development/mern-boilerplate/client/src/components/Heading.js
FN:4,(anonymous_0)
FN:7,(anonymous_1)
FN:11,(anonymous_2)
FN:15,(anonymous_3)
FN:19,(anonymous_4)
FNF:5
FNH:5
FNDA:2,(anonymous_0)
FNDA:2,(anonymous_1)
FNDA:2,(anonymous_2)
FNDA:2,(anonymous_3)
FNDA:2,(anonymous_4)
DA:4,1
DA:5,2
DA:7,1
DA:8,2
DA:11,1
DA:12,2
DA:15,1
DA:16,2
DA:19,1
DA:20,2
LF:10
LH:10
BRDA:5,0,0,2
BRDA:5,0,1,1
BRDA:8,1,0,2
BRDA:8,1,1,1
BRDA:12,2,0,2
BRDA:12,2,1,1
BRDA:16,3,0,2
BRDA:16,3,1,1
BRDA:20,4,0,2
BRDA:20,4,1,1
BRF:10
BRH:10
end_of_record
